<?xml version="1.0" encoding="ISO-8859-1"?>

<bugs>
	<bug>
		<id>57</id>
		<title>Баг с фреймом добавления вопроса</title>
		<body>После нажатия на кнопку сворачивания окно добавления вопроса сворачивается к размеру 0 на 0 </body>
		<created>2015-04-21 11:35:11</created>
		<closed>2015-05-19 15:44:56</closed>
	</bug>
	<bug>
		<id>56</id>
		<title>Исправления диаграмм и кода</title>
		<body></body>
		<created>2015-04-21 11:17:06</created>
		<closed>2015-05-12 09:51:52</closed>
	</bug>
	<bug>
		<id>55</id>
		<title>Тесты на тестовой базе валятся по причине неочищения БД</title>
		<body></body>
		<created>2015-04-07 08:34:10</created>
		<closed>2015-04-07 09:01:34</closed>
	</bug>
	<bug>
		<id>34</id>
		<title>javadoc не генерируется</title>
		<body>0:43:45: Executing external task 'javadoc'... :compileJava UP-TO-DATE :processResources UP-TO-DATE :classes UP-TO-DATE D:\Documents\Dropbox\IntelliJ IDEA Workspace\testgenerator\src\main\java\ru\earrring\testgenerator\IStartableFrame.java:4: error: unmappable character for encoding Cp1251 - Р?РЅС‚РµСЂС„РµР№СЃ, РѕС‚РІРµС‡Р°СЋС‰РёР№ Р·Р° Р·Р°РїСѓСЃРєР°РµРјСѓСЋ С„РѕСЂРјСѓ   ^   D:\Documents\Dropbox\IntelliJ IDEA Workspace\testgenerator\src\main\java\ru\earrring\testgenerator\Starter.java:8: error: unmappable character for encoding Cp1251 - РљР»Р°СЃСЃ-СЃС‚Р°СЂС‚РµСЂ СЃРёСЃС‚РµРјС‹. Р?РЅРёС†РёР°Р»РёР·РёСЂСѓРµС‚ РІСЃРµ РєР»Р°СЃСЃС‹, РЅРµРѕР±С…РѕРґРёРјС‹Рµ РґР»СЏ СЂР°Р±РѕС‚С‹ РїСЂРѕРіСЂР°РјРјС‹ Рё Р·Р°РїСѓСЃРєР°РµС‚ РѕСЃРЅРѕРІРЅСѓСЋ С„РѕСЂРјСѓ                                             ^   :javadoc   2 errors   :javadoc FAILED  FAILURE: Build failed with an exception. - What went wrong:   Execution failed for task ':javadoc'.      &gt; Javadoc generation failed. Generated Javadoc options file (useful for troubleshooting): 'D:\Documents\Dropbox\IntelliJ IDEA Workspace\testgenerator\build\tmp\javadoc\javadoc.options' - Try:   Run with --stacktrace option to get the stack trace. Run with --info or --debug option to get more log output.  BUILD FAILED  Total time: 6.226 secs Process 'command 'C:\Program Files\Java\jdk1.8.0_31\bin\javadoc.exe'' finished with non-zero exit value 1 0:43:52: External task execution finished 'javadoc'. </body>
		<created>2015-03-28 21:47:01</created>
		<closed>2015-03-29 16:33:26</closed>
	</bug>
</bugs>
